<?xml version="1.0" encoding="UTF-8"?>
<!-- Generated by org.testng.reporters.JUnitXMLReporter -->
<testsuite hostname="GYANESH-PC" ignored="0" name="Default test" tests="3" failures="0" timestamp="15 Jan 2019 03:24:22 GMT" time="0.033" errors="0">
  <testcase name="homePageHeaderTest" time="0.0" classname="TestNGSessions.TestNGAnnotations"/>
  <testcase name="homePageUserInfoTest" time="0.016" classname="TestNGSessions.TestNGAnnotations"/>
  <testcase name="homePageTittleTest" time="0.0" classname="TestNGSessions.TestNGAnnotations"/>
</testsuite> <!-- Default test -->
