<?xml version="1.0" encoding="UTF-8"?>
<testng-results skipped="0" failed="0" ignored="0" total="2" passed="2">
  <reporter-output>
  </reporter-output>
  <suite name="Default suite" duration-ms="79604" started-at="2019-01-16T11:45:07Z" finished-at="2019-01-16T11:46:27Z">
    <groups>
    </groups>
    <test name="Default test" duration-ms="79604" started-at="2019-01-16T11:45:07Z" finished-at="2019-01-16T11:46:27Z">
      <class name="HubSpotTest.HubSpotTest">
        <test-method status="PASS" signature="setUp()[pri:0, instance:HubSpotTest.HubSpotTest@cb5822]" name="setUp" is-config="true" duration-ms="33799" started-at="2019-01-16T17:15:07Z" finished-at="2019-01-16T17:15:41Z">
          <reporter-output>
          </reporter-output>
        </test-method> <!-- setUp -->
        <test-method status="PASS" signature="signUpButtonTest()[pri:0, instance:HubSpotTest.HubSpotTest@cb5822]" name="signUpButtonTest" duration-ms="338" started-at="2019-01-16T17:15:41Z" finished-at="2019-01-16T17:15:41Z">
          <reporter-output>
          </reporter-output>
        </test-method> <!-- signUpButtonTest -->
        <test-method status="PASS" signature="tearDown()[pri:0, instance:HubSpotTest.HubSpotTest@cb5822]" name="tearDown" is-config="true" duration-ms="773" started-at="2019-01-16T17:15:41Z" finished-at="2019-01-16T17:15:42Z">
          <reporter-output>
          </reporter-output>
        </test-method> <!-- tearDown -->
        <test-method status="PASS" signature="setUp()[pri:0, instance:HubSpotTest.HubSpotTest@cb5822]" name="setUp" is-config="true" duration-ms="20378" started-at="2019-01-16T17:15:42Z" finished-at="2019-01-16T17:16:03Z">
          <reporter-output>
          </reporter-output>
        </test-method> <!-- setUp -->
        <test-method status="PASS" signature="userAccountTest()[pri:0, instance:HubSpotTest.HubSpotTest@cb5822]" name="userAccountTest" duration-ms="23283" started-at="2019-01-16T17:16:03Z" finished-at="2019-01-16T17:16:26Z">
          <reporter-output>
          </reporter-output>
        </test-method> <!-- userAccountTest -->
        <test-method status="PASS" signature="tearDown()[pri:0, instance:HubSpotTest.HubSpotTest@cb5822]" name="tearDown" is-config="true" duration-ms="1018" started-at="2019-01-16T17:16:26Z" finished-at="2019-01-16T17:16:27Z">
          <reporter-output>
          </reporter-output>
        </test-method> <!-- tearDown -->
      </class> <!-- HubSpotTest.HubSpotTest -->
    </test> <!-- Default test -->
  </suite> <!-- Default suite -->
</testng-results>
